2017-03-09 11:46:23 Notice: Notice (1024): Please change the value of 'Security.salt' in ROOT/config/app.php to a salt value specific to your application. in [C:\xampp_space\htdocs\percentile\vendor\cakephp\cakephp\src\Error\Debugger.php, line 932]
Request URL: /
Trace:
Cake\Error\BaseErrorHandler::handleError() - CORE\src\Error\BaseErrorHandler.php, line 153
Cake\Error\Debugger::checkSecurityKeys() - CORE\src\Error\Debugger.php, line 932
include - APP/Template\Pages\home.ctp, line 68
Cake\View\View::_evaluate() - CORE\src\View\View.php, line 1010
Cake\View\View::_render() - CORE\src\View\View.php, line 971
Cake\View\View::render() - CORE\src\View\View.php, line 595
Cake\Controller\Controller::render() - CORE\src\Controller\Controller.php, line 623
App\Controller\PagesController::display() - APP/Controller\PagesController.php, line 61
Cake\Controller\Controller::invokeAction() - CORE\src\Controller\Controller.php, line 440
Cake\Http\ActionDispatcher::_invoke() - CORE\src\Http\ActionDispatcher.php, line 119
Cake\Http\ActionDispatcher::dispatch() - CORE\src\Http\ActionDispatcher.php, line 93
Cake\Http\BaseApplication::__invoke() - CORE\src\Http\BaseApplication.php, line 78
Cake\Http\Runner::__invoke() - CORE\src\Http\Runner.php, line 65
Cake\Routing\Middleware\RoutingMiddleware::__invoke() - CORE\src\Routing\Middleware\RoutingMiddleware.php, line 59
Cake\Http\Runner::__invoke() - CORE\src\Http\Runner.php, line 65
Cake\Routing\Middleware\AssetMiddleware::__invoke() - CORE\src\Routing\Middleware\AssetMiddleware.php, line 88
Cake\Http\Runner::__invoke() - CORE\src\Http\Runner.php, line 65
Cake\Error\Middleware\ErrorHandlerMiddleware::__invoke() - CORE\src\Error\Middleware\ErrorHandlerMiddleware.php, line 93
Cake\Http\Runner::__invoke() - CORE\src\Http\Runner.php, line 65
Cake\Http\Runner::run() - CORE\src\Http\Runner.php, line 51
Cake\Http\Server::run() - CORE\src\Http\Server.php, line 82
Cake\TestSuite\MiddlewareDispatcher::execute() - CORE\src\TestSuite\MiddlewareDispatcher.php, line 97
Cake\TestSuite\IntegrationTestCase::_sendRequest() - CORE\src\TestSuite\IntegrationTestCase.php, line 426
Cake\TestSuite\IntegrationTestCase::get() - CORE\src\TestSuite\IntegrationTestCase.php, line 344
App\Test\TestCase\Controller\PagesControllerTest::testMultipleGet() - ROOT\tests\TestCase\Controller\PagesControllerTest.php, line 37
ReflectionMethod::invokeArgs() - [internal], line ??
PHPUnit_Framework_TestCase::runTest() - ROOT\vendor\phpunit\phpunit\src\Framework\TestCase.php, line 1120
PHPUnit_Framework_TestCase::runBare() - ROOT\vendor\phpunit\phpunit\src\Framework\TestCase.php, line 971
PHPUnit_Framework_TestResult::run() - ROOT\vendor\phpunit\phpunit\src\Framework\TestResult.php, line 709
PHPUnit_Framework_TestCase::run() - ROOT\vendor\phpunit\phpunit\src\Framework\TestCase.php, line 926
PHPUnit_Framework_TestSuite::run() - ROOT\vendor\phpunit\phpunit\src\Framework\TestSuite.php, line 728
PHPUnit_Framework_TestSuite::run() - ROOT\vendor\phpunit\phpunit\src\Framework\TestSuite.php, line 728
PHPUnit_TextUI_TestRunner::doRun() - ROOT\vendor\phpunit\phpunit\src\TextUI\TestRunner.php, line 521
PHPUnit_TextUI_Command::run() - ROOT\vendor\phpunit\phpunit\src\TextUI\Command.php, line 188
PHPUnit_TextUI_Command::main() - ROOT\vendor\phpunit\phpunit\src\TextUI\Command.php, line 118
[main] - ROOT\vendor\phpunit\phpunit\phpunit, line 52



2017-03-09 11:46:24 Notice: Notice (1024): Please change the value of 'Security.salt' in ROOT/config/app.php to a salt value specific to your application. in [C:\xampp_space\htdocs\percentile\vendor\cakephp\cakephp\src\Error\Debugger.php, line 932]
Request URL: /
Trace:
Cake\Error\BaseErrorHandler::handleError() - CORE\src\Error\BaseErrorHandler.php, line 153
Cake\Error\Debugger::checkSecurityKeys() - CORE\src\Error\Debugger.php, line 932
include - APP/Template\Pages\home.ctp, line 68
Cake\View\View::_evaluate() - CORE\src\View\View.php, line 1010
Cake\View\View::_render() - CORE\src\View\View.php, line 971
Cake\View\View::render() - CORE\src\View\View.php, line 595
Cake\Controller\Controller::render() - CORE\src\Controller\Controller.php, line 623
App\Controller\PagesController::display() - APP/Controller\PagesController.php, line 61
Cake\Controller\Controller::invokeAction() - CORE\src\Controller\Controller.php, line 440
Cake\Http\ActionDispatcher::_invoke() - CORE\src\Http\ActionDispatcher.php, line 119
Cake\Http\ActionDispatcher::dispatch() - CORE\src\Http\ActionDispatcher.php, line 93
Cake\Http\BaseApplication::__invoke() - CORE\src\Http\BaseApplication.php, line 78
Cake\Http\Runner::__invoke() - CORE\src\Http\Runner.php, line 65
Cake\Routing\Middleware\RoutingMiddleware::__invoke() - CORE\src\Routing\Middleware\RoutingMiddleware.php, line 59
Cake\Http\Runner::__invoke() - CORE\src\Http\Runner.php, line 65
Cake\Routing\Middleware\AssetMiddleware::__invoke() - CORE\src\Routing\Middleware\AssetMiddleware.php, line 88
Cake\Http\Runner::__invoke() - CORE\src\Http\Runner.php, line 65
Cake\Error\Middleware\ErrorHandlerMiddleware::__invoke() - CORE\src\Error\Middleware\ErrorHandlerMiddleware.php, line 93
Cake\Http\Runner::__invoke() - CORE\src\Http\Runner.php, line 65
Cake\Http\Runner::run() - CORE\src\Http\Runner.php, line 51
Cake\Http\Server::run() - CORE\src\Http\Server.php, line 82
Cake\TestSuite\MiddlewareDispatcher::execute() - CORE\src\TestSuite\MiddlewareDispatcher.php, line 97
Cake\TestSuite\IntegrationTestCase::_sendRequest() - CORE\src\TestSuite\IntegrationTestCase.php, line 426
Cake\TestSuite\IntegrationTestCase::get() - CORE\src\TestSuite\IntegrationTestCase.php, line 344
App\Test\TestCase\Controller\PagesControllerTest::testMultipleGet() - ROOT\tests\TestCase\Controller\PagesControllerTest.php, line 39
ReflectionMethod::invokeArgs() - [internal], line ??
PHPUnit_Framework_TestCase::runTest() - ROOT\vendor\phpunit\phpunit\src\Framework\TestCase.php, line 1120
PHPUnit_Framework_TestCase::runBare() - ROOT\vendor\phpunit\phpunit\src\Framework\TestCase.php, line 971
PHPUnit_Framework_TestResult::run() - ROOT\vendor\phpunit\phpunit\src\Framework\TestResult.php, line 709
PHPUnit_Framework_TestCase::run() - ROOT\vendor\phpunit\phpunit\src\Framework\TestCase.php, line 926
PHPUnit_Framework_TestSuite::run() - ROOT\vendor\phpunit\phpunit\src\Framework\TestSuite.php, line 728
PHPUnit_Framework_TestSuite::run() - ROOT\vendor\phpunit\phpunit\src\Framework\TestSuite.php, line 728
PHPUnit_TextUI_TestRunner::doRun() - ROOT\vendor\phpunit\phpunit\src\TextUI\TestRunner.php, line 521
PHPUnit_TextUI_Command::run() - ROOT\vendor\phpunit\phpunit\src\TextUI\Command.php, line 188
PHPUnit_TextUI_Command::main() - ROOT\vendor\phpunit\phpunit\src\TextUI\Command.php, line 118
[main] - ROOT\vendor\phpunit\phpunit\phpunit, line 52



2017-03-09 11:46:24 Notice: Notice (1024): Please change the value of 'Security.salt' in ROOT/config/app.php to a salt value specific to your application. in [C:\xampp_space\htdocs\percentile\vendor\cakephp\cakephp\src\Error\Debugger.php, line 932]
Request URL: /pages/home
Trace:
Cake\Error\BaseErrorHandler::handleError() - CORE\src\Error\BaseErrorHandler.php, line 153
Cake\Error\Debugger::checkSecurityKeys() - CORE\src\Error\Debugger.php, line 932
include - APP/Template\Pages\home.ctp, line 68
Cake\View\View::_evaluate() - CORE\src\View\View.php, line 1010
Cake\View\View::_render() - CORE\src\View\View.php, line 971
Cake\View\View::render() - CORE\src\View\View.php, line 595
Cake\Controller\Controller::render() - CORE\src\Controller\Controller.php, line 623
App\Controller\PagesController::display() - APP/Controller\PagesController.php, line 61
Cake\Controller\Controller::invokeAction() - CORE\src\Controller\Controller.php, line 440
Cake\Http\ActionDispatcher::_invoke() - CORE\src\Http\ActionDispatcher.php, line 119
Cake\Http\ActionDispatcher::dispatch() - CORE\src\Http\ActionDispatcher.php, line 93
Cake\Http\BaseApplication::__invoke() - CORE\src\Http\BaseApplication.php, line 78
Cake\Http\Runner::__invoke() - CORE\src\Http\Runner.php, line 65
Cake\Routing\Middleware\RoutingMiddleware::__invoke() - CORE\src\Routing\Middleware\RoutingMiddleware.php, line 59
Cake\Http\Runner::__invoke() - CORE\src\Http\Runner.php, line 65
Cake\Routing\Middleware\AssetMiddleware::__invoke() - CORE\src\Routing\Middleware\AssetMiddleware.php, line 88
Cake\Http\Runner::__invoke() - CORE\src\Http\Runner.php, line 65
Cake\Error\Middleware\ErrorHandlerMiddleware::__invoke() - CORE\src\Error\Middleware\ErrorHandlerMiddleware.php, line 93
Cake\Http\Runner::__invoke() - CORE\src\Http\Runner.php, line 65
Cake\Http\Runner::run() - CORE\src\Http\Runner.php, line 51
Cake\Http\Server::run() - CORE\src\Http\Server.php, line 82
Cake\TestSuite\MiddlewareDispatcher::execute() - CORE\src\TestSuite\MiddlewareDispatcher.php, line 97
Cake\TestSuite\IntegrationTestCase::_sendRequest() - CORE\src\TestSuite\IntegrationTestCase.php, line 426
Cake\TestSuite\IntegrationTestCase::get() - CORE\src\TestSuite\IntegrationTestCase.php, line 344
App\Test\TestCase\Controller\PagesControllerTest::testDisplay() - ROOT\tests\TestCase\Controller\PagesControllerTest.php, line 50
ReflectionMethod::invokeArgs() - [internal], line ??
PHPUnit_Framework_TestCase::runTest() - ROOT\vendor\phpunit\phpunit\src\Framework\TestCase.php, line 1120
PHPUnit_Framework_TestCase::runBare() - ROOT\vendor\phpunit\phpunit\src\Framework\TestCase.php, line 971
PHPUnit_Framework_TestResult::run() - ROOT\vendor\phpunit\phpunit\src\Framework\TestResult.php, line 709
PHPUnit_Framework_TestCase::run() - ROOT\vendor\phpunit\phpunit\src\Framework\TestCase.php, line 926
PHPUnit_Framework_TestSuite::run() - ROOT\vendor\phpunit\phpunit\src\Framework\TestSuite.php, line 728
PHPUnit_Framework_TestSuite::run() - ROOT\vendor\phpunit\phpunit\src\Framework\TestSuite.php, line 728
PHPUnit_TextUI_TestRunner::doRun() - ROOT\vendor\phpunit\phpunit\src\TextUI\TestRunner.php, line 521
PHPUnit_TextUI_Command::run() - ROOT\vendor\phpunit\phpunit\src\TextUI\Command.php, line 188
PHPUnit_TextUI_Command::main() - ROOT\vendor\phpunit\phpunit\src\TextUI\Command.php, line 118
[main] - ROOT\vendor\phpunit\phpunit\phpunit, line 52



2017-03-09 12:26:38 Notice: Notice (8): Undefined variable: sameGpa in [C:\xampp_space\htdocs\percentile\tests\TestCase\Controller\Component\CalculationComponentTest.php, line 54]
Trace:
Cake\Error\BaseErrorHandler::handleError() - CORE\src\Error\BaseErrorHandler.php, line 153
App\Test\TestCase\Controller\Component\PercentileComponentTest::testStudentsPercentile() - ROOT\tests\TestCase\Controller\Component\CalculationComponentTest.php, line 54
ReflectionMethod::invokeArgs() - [internal], line ??
PHPUnit_Framework_TestCase::runTest() - ROOT\vendor\phpunit\phpunit\src\Framework\TestCase.php, line 1120
PHPUnit_Framework_TestCase::runBare() - ROOT\vendor\phpunit\phpunit\src\Framework\TestCase.php, line 971
PHPUnit_Framework_TestResult::run() - ROOT\vendor\phpunit\phpunit\src\Framework\TestResult.php, line 709
PHPUnit_Framework_TestCase::run() - ROOT\vendor\phpunit\phpunit\src\Framework\TestCase.php, line 926
PHPUnit_Framework_TestSuite::run() - ROOT\vendor\phpunit\phpunit\src\Framework\TestSuite.php, line 728
PHPUnit_Framework_TestSuite::run() - ROOT\vendor\phpunit\phpunit\src\Framework\TestSuite.php, line 728
PHPUnit_TextUI_TestRunner::doRun() - ROOT\vendor\phpunit\phpunit\src\TextUI\TestRunner.php, line 521
PHPUnit_TextUI_Command::run() - ROOT\vendor\phpunit\phpunit\src\TextUI\Command.php, line 188
PHPUnit_TextUI_Command::main() - ROOT\vendor\phpunit\phpunit\src\TextUI\Command.php, line 118
[main] - ROOT\vendor\phpunit\phpunit\phpunit, line 52



2017-03-09 12:27:13 Notice: Notice (8): Undefined variable: sameGpa in [C:\xampp_space\htdocs\percentile\tests\TestCase\Controller\Component\CalculationComponentTest.php, line 54]
Trace:
Cake\Error\BaseErrorHandler::handleError() - CORE\src\Error\BaseErrorHandler.php, line 153
App\Test\TestCase\Controller\Component\PercentileComponentTest::testStudentsPercentile() - ROOT\tests\TestCase\Controller\Component\CalculationComponentTest.php, line 54
ReflectionMethod::invokeArgs() - [internal], line ??
PHPUnit_Framework_TestCase::runTest() - ROOT\vendor\phpunit\phpunit\src\Framework\TestCase.php, line 1120
PHPUnit_Framework_TestCase::runBare() - ROOT\vendor\phpunit\phpunit\src\Framework\TestCase.php, line 971
PHPUnit_Framework_TestResult::run() - ROOT\vendor\phpunit\phpunit\src\Framework\TestResult.php, line 709
PHPUnit_Framework_TestCase::run() - ROOT\vendor\phpunit\phpunit\src\Framework\TestCase.php, line 926
PHPUnit_Framework_TestSuite::run() - ROOT\vendor\phpunit\phpunit\src\Framework\TestSuite.php, line 728
PHPUnit_Framework_TestSuite::run() - ROOT\vendor\phpunit\phpunit\src\Framework\TestSuite.php, line 728
PHPUnit_TextUI_TestRunner::doRun() - ROOT\vendor\phpunit\phpunit\src\TextUI\TestRunner.php, line 521
PHPUnit_TextUI_Command::run() - ROOT\vendor\phpunit\phpunit\src\TextUI\Command.php, line 188
PHPUnit_TextUI_Command::main() - ROOT\vendor\phpunit\phpunit\src\TextUI\Command.php, line 118
[main] - ROOT\vendor\phpunit\phpunit\phpunit, line 52



2017-03-09 12:33:49 Notice: Notice (8): Undefined property: App\Test\TestCase\Controller\PercentileControllerTest::$students in [C:\xampp_space\htdocs\percentile\tests\TestCase\Controller\PercentileControllerTest.php, line 78]
Trace:
Cake\Error\BaseErrorHandler::handleError() - CORE\src\Error\BaseErrorHandler.php, line 153
App\Test\TestCase\Controller\PercentileControllerTest::testSingleRank() - ROOT\tests\TestCase\Controller\PercentileControllerTest.php, line 78
ReflectionMethod::invokeArgs() - [internal], line ??
PHPUnit_Framework_TestCase::runTest() - ROOT\vendor\phpunit\phpunit\src\Framework\TestCase.php, line 1120
PHPUnit_Framework_TestCase::runBare() - ROOT\vendor\phpunit\phpunit\src\Framework\TestCase.php, line 971
PHPUnit_Framework_TestResult::run() - ROOT\vendor\phpunit\phpunit\src\Framework\TestResult.php, line 709
PHPUnit_Framework_TestCase::run() - ROOT\vendor\phpunit\phpunit\src\Framework\TestCase.php, line 926
PHPUnit_Framework_TestSuite::run() - ROOT\vendor\phpunit\phpunit\src\Framework\TestSuite.php, line 728
PHPUnit_Framework_TestSuite::run() - ROOT\vendor\phpunit\phpunit\src\Framework\TestSuite.php, line 728
PHPUnit_TextUI_TestRunner::doRun() - ROOT\vendor\phpunit\phpunit\src\TextUI\TestRunner.php, line 521
PHPUnit_TextUI_Command::run() - ROOT\vendor\phpunit\phpunit\src\TextUI\Command.php, line 188
PHPUnit_TextUI_Command::main() - ROOT\vendor\phpunit\phpunit\src\TextUI\Command.php, line 118
[main] - ROOT\vendor\phpunit\phpunit\phpunit, line 52



2017-03-09 12:36:11 Notice: Notice (8): Undefined property: App\Test\TestCase\Controller\PercentileControllerTest::$students in [C:\xampp_space\htdocs\percentile\tests\TestCase\Controller\PercentileControllerTest.php, line 78]
Trace:
Cake\Error\BaseErrorHandler::handleError() - CORE\src\Error\BaseErrorHandler.php, line 153
App\Test\TestCase\Controller\PercentileControllerTest::testSingleRank() - ROOT\tests\TestCase\Controller\PercentileControllerTest.php, line 78
ReflectionMethod::invokeArgs() - [internal], line ??
PHPUnit_Framework_TestCase::runTest() - ROOT\vendor\phpunit\phpunit\src\Framework\TestCase.php, line 1120
PHPUnit_Framework_TestCase::runBare() - ROOT\vendor\phpunit\phpunit\src\Framework\TestCase.php, line 971
PHPUnit_Framework_TestResult::run() - ROOT\vendor\phpunit\phpunit\src\Framework\TestResult.php, line 709
PHPUnit_Framework_TestCase::run() - ROOT\vendor\phpunit\phpunit\src\Framework\TestCase.php, line 926
PHPUnit_Framework_TestSuite::run() - ROOT\vendor\phpunit\phpunit\src\Framework\TestSuite.php, line 728
PHPUnit_Framework_TestSuite::run() - ROOT\vendor\phpunit\phpunit\src\Framework\TestSuite.php, line 728
PHPUnit_TextUI_TestRunner::doRun() - ROOT\vendor\phpunit\phpunit\src\TextUI\TestRunner.php, line 521
PHPUnit_TextUI_Command::run() - ROOT\vendor\phpunit\phpunit\src\TextUI\Command.php, line 188
PHPUnit_TextUI_Command::main() - ROOT\vendor\phpunit\phpunit\src\TextUI\Command.php, line 118
[main] - ROOT\vendor\phpunit\phpunit\phpunit, line 52



2017-03-09 12:37:15 Notice: Notice (8): Undefined variable: students in [C:\xampp_space\htdocs\percentile\tests\TestCase\Controller\PercentileControllerTest.php, line 71]
Trace:
Cake\Error\BaseErrorHandler::handleError() - CORE\src\Error\BaseErrorHandler.php, line 153
App\Test\TestCase\Controller\PercentileControllerTest::testAllRank() - ROOT\tests\TestCase\Controller\PercentileControllerTest.php, line 71
ReflectionMethod::invokeArgs() - [internal], line ??
PHPUnit_Framework_TestCase::runTest() - ROOT\vendor\phpunit\phpunit\src\Framework\TestCase.php, line 1120
PHPUnit_Framework_TestCase::runBare() - ROOT\vendor\phpunit\phpunit\src\Framework\TestCase.php, line 971
PHPUnit_Framework_TestResult::run() - ROOT\vendor\phpunit\phpunit\src\Framework\TestResult.php, line 709
PHPUnit_Framework_TestCase::run() - ROOT\vendor\phpunit\phpunit\src\Framework\TestCase.php, line 926
PHPUnit_Framework_TestSuite::run() - ROOT\vendor\phpunit\phpunit\src\Framework\TestSuite.php, line 728
PHPUnit_Framework_TestSuite::run() - ROOT\vendor\phpunit\phpunit\src\Framework\TestSuite.php, line 728
PHPUnit_TextUI_TestRunner::doRun() - ROOT\vendor\phpunit\phpunit\src\TextUI\TestRunner.php, line 521
PHPUnit_TextUI_Command::run() - ROOT\vendor\phpunit\phpunit\src\TextUI\Command.php, line 188
PHPUnit_TextUI_Command::main() - ROOT\vendor\phpunit\phpunit\src\TextUI\Command.php, line 118
[main] - ROOT\vendor\phpunit\phpunit\phpunit, line 52



2017-03-09 12:37:15 Notice: Notice (8): Undefined variable: students in [C:\xampp_space\htdocs\percentile\tests\TestCase\Controller\PercentileControllerTest.php, line 74]
Trace:
Cake\Error\BaseErrorHandler::handleError() - CORE\src\Error\BaseErrorHandler.php, line 153
App\Test\TestCase\Controller\PercentileControllerTest::testAllRank() - ROOT\tests\TestCase\Controller\PercentileControllerTest.php, line 74
ReflectionMethod::invokeArgs() - [internal], line ??
PHPUnit_Framework_TestCase::runTest() - ROOT\vendor\phpunit\phpunit\src\Framework\TestCase.php, line 1120
PHPUnit_Framework_TestCase::runBare() - ROOT\vendor\phpunit\phpunit\src\Framework\TestCase.php, line 971
PHPUnit_Framework_TestResult::run() - ROOT\vendor\phpunit\phpunit\src\Framework\TestResult.php, line 709
PHPUnit_Framework_TestCase::run() - ROOT\vendor\phpunit\phpunit\src\Framework\TestCase.php, line 926
PHPUnit_Framework_TestSuite::run() - ROOT\vendor\phpunit\phpunit\src\Framework\TestSuite.php, line 728
PHPUnit_Framework_TestSuite::run() - ROOT\vendor\phpunit\phpunit\src\Framework\TestSuite.php, line 728
PHPUnit_TextUI_TestRunner::doRun() - ROOT\vendor\phpunit\phpunit\src\TextUI\TestRunner.php, line 521
PHPUnit_TextUI_Command::run() - ROOT\vendor\phpunit\phpunit\src\TextUI\Command.php, line 188
PHPUnit_TextUI_Command::main() - ROOT\vendor\phpunit\phpunit\src\TextUI\Command.php, line 118
[main] - ROOT\vendor\phpunit\phpunit\phpunit, line 52



2017-03-09 12:37:15 Notice: Notice (8): Undefined property: App\Test\TestCase\Controller\PercentileControllerTest::$students in [C:\xampp_space\htdocs\percentile\tests\TestCase\Controller\PercentileControllerTest.php, line 78]
Trace:
Cake\Error\BaseErrorHandler::handleError() - CORE\src\Error\BaseErrorHandler.php, line 153
App\Test\TestCase\Controller\PercentileControllerTest::testSingleRank() - ROOT\tests\TestCase\Controller\PercentileControllerTest.php, line 78
ReflectionMethod::invokeArgs() - [internal], line ??
PHPUnit_Framework_TestCase::runTest() - ROOT\vendor\phpunit\phpunit\src\Framework\TestCase.php, line 1120
PHPUnit_Framework_TestCase::runBare() - ROOT\vendor\phpunit\phpunit\src\Framework\TestCase.php, line 971
PHPUnit_Framework_TestResult::run() - ROOT\vendor\phpunit\phpunit\src\Framework\TestResult.php, line 709
PHPUnit_Framework_TestCase::run() - ROOT\vendor\phpunit\phpunit\src\Framework\TestCase.php, line 926
PHPUnit_Framework_TestSuite::run() - ROOT\vendor\phpunit\phpunit\src\Framework\TestSuite.php, line 728
PHPUnit_Framework_TestSuite::run() - ROOT\vendor\phpunit\phpunit\src\Framework\TestSuite.php, line 728
PHPUnit_TextUI_TestRunner::doRun() - ROOT\vendor\phpunit\phpunit\src\TextUI\TestRunner.php, line 521
PHPUnit_TextUI_Command::run() - ROOT\vendor\phpunit\phpunit\src\TextUI\Command.php, line 188
PHPUnit_TextUI_Command::main() - ROOT\vendor\phpunit\phpunit\src\TextUI\Command.php, line 118
[main] - ROOT\vendor\phpunit\phpunit\phpunit, line 52



2017-03-09 12:38:54 Notice: Notice (8): Undefined variable: students in [C:\xampp_space\htdocs\percentile\tests\TestCase\Controller\PercentileControllerTest.php, line 71]
Trace:
Cake\Error\BaseErrorHandler::handleError() - CORE\src\Error\BaseErrorHandler.php, line 153
App\Test\TestCase\Controller\PercentileControllerTest::testAllRank() - ROOT\tests\TestCase\Controller\PercentileControllerTest.php, line 71
ReflectionMethod::invokeArgs() - [internal], line ??
PHPUnit_Framework_TestCase::runTest() - ROOT\vendor\phpunit\phpunit\src\Framework\TestCase.php, line 1120
PHPUnit_Framework_TestCase::runBare() - ROOT\vendor\phpunit\phpunit\src\Framework\TestCase.php, line 971
PHPUnit_Framework_TestResult::run() - ROOT\vendor\phpunit\phpunit\src\Framework\TestResult.php, line 709
PHPUnit_Framework_TestCase::run() - ROOT\vendor\phpunit\phpunit\src\Framework\TestCase.php, line 926
PHPUnit_Framework_TestSuite::run() - ROOT\vendor\phpunit\phpunit\src\Framework\TestSuite.php, line 728
PHPUnit_Framework_TestSuite::run() - ROOT\vendor\phpunit\phpunit\src\Framework\TestSuite.php, line 728
PHPUnit_TextUI_TestRunner::doRun() - ROOT\vendor\phpunit\phpunit\src\TextUI\TestRunner.php, line 521
PHPUnit_TextUI_Command::run() - ROOT\vendor\phpunit\phpunit\src\TextUI\Command.php, line 188
PHPUnit_TextUI_Command::main() - ROOT\vendor\phpunit\phpunit\src\TextUI\Command.php, line 118
[main] - ROOT\vendor\phpunit\phpunit\phpunit, line 52



2017-03-09 12:38:54 Notice: Notice (8): Undefined variable: students in [C:\xampp_space\htdocs\percentile\tests\TestCase\Controller\PercentileControllerTest.php, line 73]
Trace:
Cake\Error\BaseErrorHandler::handleError() - CORE\src\Error\BaseErrorHandler.php, line 153
App\Test\TestCase\Controller\PercentileControllerTest::testAllRank() - ROOT\tests\TestCase\Controller\PercentileControllerTest.php, line 73
ReflectionMethod::invokeArgs() - [internal], line ??
PHPUnit_Framework_TestCase::runTest() - ROOT\vendor\phpunit\phpunit\src\Framework\TestCase.php, line 1120
PHPUnit_Framework_TestCase::runBare() - ROOT\vendor\phpunit\phpunit\src\Framework\TestCase.php, line 971
PHPUnit_Framework_TestResult::run() - ROOT\vendor\phpunit\phpunit\src\Framework\TestResult.php, line 709
PHPUnit_Framework_TestCase::run() - ROOT\vendor\phpunit\phpunit\src\Framework\TestCase.php, line 926
PHPUnit_Framework_TestSuite::run() - ROOT\vendor\phpunit\phpunit\src\Framework\TestSuite.php, line 728
PHPUnit_Framework_TestSuite::run() - ROOT\vendor\phpunit\phpunit\src\Framework\TestSuite.php, line 728
PHPUnit_TextUI_TestRunner::doRun() - ROOT\vendor\phpunit\phpunit\src\TextUI\TestRunner.php, line 521
PHPUnit_TextUI_Command::run() - ROOT\vendor\phpunit\phpunit\src\TextUI\Command.php, line 188
PHPUnit_TextUI_Command::main() - ROOT\vendor\phpunit\phpunit\src\TextUI\Command.php, line 118
[main] - ROOT\vendor\phpunit\phpunit\phpunit, line 52



2017-03-09 12:38:54 Notice: Notice (8): Undefined variable: students in [C:\xampp_space\htdocs\percentile\tests\TestCase\Controller\PercentileControllerTest.php, line 74]
Trace:
Cake\Error\BaseErrorHandler::handleError() - CORE\src\Error\BaseErrorHandler.php, line 153
App\Test\TestCase\Controller\PercentileControllerTest::testAllRank() - ROOT\tests\TestCase\Controller\PercentileControllerTest.php, line 74
ReflectionMethod::invokeArgs() - [internal], line ??
PHPUnit_Framework_TestCase::runTest() - ROOT\vendor\phpunit\phpunit\src\Framework\TestCase.php, line 1120
PHPUnit_Framework_TestCase::runBare() - ROOT\vendor\phpunit\phpunit\src\Framework\TestCase.php, line 971
PHPUnit_Framework_TestResult::run() - ROOT\vendor\phpunit\phpunit\src\Framework\TestResult.php, line 709
PHPUnit_Framework_TestCase::run() - ROOT\vendor\phpunit\phpunit\src\Framework\TestCase.php, line 926
PHPUnit_Framework_TestSuite::run() - ROOT\vendor\phpunit\phpunit\src\Framework\TestSuite.php, line 728
PHPUnit_Framework_TestSuite::run() - ROOT\vendor\phpunit\phpunit\src\Framework\TestSuite.php, line 728
PHPUnit_TextUI_TestRunner::doRun() - ROOT\vendor\phpunit\phpunit\src\TextUI\TestRunner.php, line 521
PHPUnit_TextUI_Command::run() - ROOT\vendor\phpunit\phpunit\src\TextUI\Command.php, line 188
PHPUnit_TextUI_Command::main() - ROOT\vendor\phpunit\phpunit\src\TextUI\Command.php, line 118
[main] - ROOT\vendor\phpunit\phpunit\phpunit, line 52



2017-03-09 12:38:54 Notice: Notice (8): Undefined property: App\Test\TestCase\Controller\PercentileControllerTest::$students in [C:\xampp_space\htdocs\percentile\tests\TestCase\Controller\PercentileControllerTest.php, line 78]
Trace:
Cake\Error\BaseErrorHandler::handleError() - CORE\src\Error\BaseErrorHandler.php, line 153
App\Test\TestCase\Controller\PercentileControllerTest::testSingleRank() - ROOT\tests\TestCase\Controller\PercentileControllerTest.php, line 78
ReflectionMethod::invokeArgs() - [internal], line ??
PHPUnit_Framework_TestCase::runTest() - ROOT\vendor\phpunit\phpunit\src\Framework\TestCase.php, line 1120
PHPUnit_Framework_TestCase::runBare() - ROOT\vendor\phpunit\phpunit\src\Framework\TestCase.php, line 971
PHPUnit_Framework_TestResult::run() - ROOT\vendor\phpunit\phpunit\src\Framework\TestResult.php, line 709
PHPUnit_Framework_TestCase::run() - ROOT\vendor\phpunit\phpunit\src\Framework\TestCase.php, line 926
PHPUnit_Framework_TestSuite::run() - ROOT\vendor\phpunit\phpunit\src\Framework\TestSuite.php, line 728
PHPUnit_Framework_TestSuite::run() - ROOT\vendor\phpunit\phpunit\src\Framework\TestSuite.php, line 728
PHPUnit_TextUI_TestRunner::doRun() - ROOT\vendor\phpunit\phpunit\src\TextUI\TestRunner.php, line 521
PHPUnit_TextUI_Command::run() - ROOT\vendor\phpunit\phpunit\src\TextUI\Command.php, line 188
PHPUnit_TextUI_Command::main() - ROOT\vendor\phpunit\phpunit\src\TextUI\Command.php, line 118
[main] - ROOT\vendor\phpunit\phpunit\phpunit, line 52



2017-03-09 12:39:35 Notice: Notice (8): Undefined property: App\Test\TestCase\Controller\PercentileControllerTest::$students in [C:\xampp_space\htdocs\percentile\tests\TestCase\Controller\PercentileControllerTest.php, line 78]
Trace:
Cake\Error\BaseErrorHandler::handleError() - CORE\src\Error\BaseErrorHandler.php, line 153
App\Test\TestCase\Controller\PercentileControllerTest::testSingleRank() - ROOT\tests\TestCase\Controller\PercentileControllerTest.php, line 78
ReflectionMethod::invokeArgs() - [internal], line ??
PHPUnit_Framework_TestCase::runTest() - ROOT\vendor\phpunit\phpunit\src\Framework\TestCase.php, line 1120
PHPUnit_Framework_TestCase::runBare() - ROOT\vendor\phpunit\phpunit\src\Framework\TestCase.php, line 971
PHPUnit_Framework_TestResult::run() - ROOT\vendor\phpunit\phpunit\src\Framework\TestResult.php, line 709
PHPUnit_Framework_TestCase::run() - ROOT\vendor\phpunit\phpunit\src\Framework\TestCase.php, line 926
PHPUnit_Framework_TestSuite::run() - ROOT\vendor\phpunit\phpunit\src\Framework\TestSuite.php, line 728
PHPUnit_Framework_TestSuite::run() - ROOT\vendor\phpunit\phpunit\src\Framework\TestSuite.php, line 728
PHPUnit_TextUI_TestRunner::doRun() - ROOT\vendor\phpunit\phpunit\src\TextUI\TestRunner.php, line 521
PHPUnit_TextUI_Command::run() - ROOT\vendor\phpunit\phpunit\src\TextUI\Command.php, line 188
PHPUnit_TextUI_Command::main() - ROOT\vendor\phpunit\phpunit\src\TextUI\Command.php, line 118
[main] - ROOT\vendor\phpunit\phpunit\phpunit, line 52



2017-03-09 12:40:21 Notice: Notice (8): Undefined property: App\Test\TestCase\Controller\PercentileControllerTest::$students in [C:\xampp_space\htdocs\percentile\tests\TestCase\Controller\PercentileControllerTest.php, line 78]
Trace:
Cake\Error\BaseErrorHandler::handleError() - CORE\src\Error\BaseErrorHandler.php, line 153
App\Test\TestCase\Controller\PercentileControllerTest::testSingleRank() - ROOT\tests\TestCase\Controller\PercentileControllerTest.php, line 78
ReflectionMethod::invokeArgs() - [internal], line ??
PHPUnit_Framework_TestCase::runTest() - ROOT\vendor\phpunit\phpunit\src\Framework\TestCase.php, line 1120
PHPUnit_Framework_TestCase::runBare() - ROOT\vendor\phpunit\phpunit\src\Framework\TestCase.php, line 971
PHPUnit_Framework_TestResult::run() - ROOT\vendor\phpunit\phpunit\src\Framework\TestResult.php, line 709
PHPUnit_Framework_TestCase::run() - ROOT\vendor\phpunit\phpunit\src\Framework\TestCase.php, line 926
PHPUnit_Framework_TestSuite::run() - ROOT\vendor\phpunit\phpunit\src\Framework\TestSuite.php, line 728
PHPUnit_Framework_TestSuite::run() - ROOT\vendor\phpunit\phpunit\src\Framework\TestSuite.php, line 728
PHPUnit_TextUI_TestRunner::doRun() - ROOT\vendor\phpunit\phpunit\src\TextUI\TestRunner.php, line 521
PHPUnit_TextUI_Command::run() - ROOT\vendor\phpunit\phpunit\src\TextUI\Command.php, line 188
PHPUnit_TextUI_Command::main() - ROOT\vendor\phpunit\phpunit\src\TextUI\Command.php, line 118
[main] - ROOT\vendor\phpunit\phpunit\phpunit, line 52



2017-03-09 12:40:35 Notice: Notice (8): Undefined property: App\Test\TestCase\Controller\PercentileControllerTest::$students in [C:\xampp_space\htdocs\percentile\tests\TestCase\Controller\PercentileControllerTest.php, line 78]
Trace:
Cake\Error\BaseErrorHandler::handleError() - CORE\src\Error\BaseErrorHandler.php, line 153
App\Test\TestCase\Controller\PercentileControllerTest::testSingleRank() - ROOT\tests\TestCase\Controller\PercentileControllerTest.php, line 78
ReflectionMethod::invokeArgs() - [internal], line ??
PHPUnit_Framework_TestCase::runTest() - ROOT\vendor\phpunit\phpunit\src\Framework\TestCase.php, line 1120
PHPUnit_Framework_TestCase::runBare() - ROOT\vendor\phpunit\phpunit\src\Framework\TestCase.php, line 971
PHPUnit_Framework_TestResult::run() - ROOT\vendor\phpunit\phpunit\src\Framework\TestResult.php, line 709
PHPUnit_Framework_TestCase::run() - ROOT\vendor\phpunit\phpunit\src\Framework\TestCase.php, line 926
PHPUnit_Framework_TestSuite::run() - ROOT\vendor\phpunit\phpunit\src\Framework\TestSuite.php, line 728
PHPUnit_Framework_TestSuite::run() - ROOT\vendor\phpunit\phpunit\src\Framework\TestSuite.php, line 728
PHPUnit_TextUI_TestRunner::doRun() - ROOT\vendor\phpunit\phpunit\src\TextUI\TestRunner.php, line 521
PHPUnit_TextUI_Command::run() - ROOT\vendor\phpunit\phpunit\src\TextUI\Command.php, line 188
PHPUnit_TextUI_Command::main() - ROOT\vendor\phpunit\phpunit\src\TextUI\Command.php, line 118
[main] - ROOT\vendor\phpunit\phpunit\phpunit, line 52



2017-03-09 12:41:19 Notice: Notice (8): Undefined property: App\Test\TestCase\Controller\PercentileControllerTest::$students in [C:\xampp_space\htdocs\percentile\tests\TestCase\Controller\PercentileControllerTest.php, line 78]
Trace:
Cake\Error\BaseErrorHandler::handleError() - CORE\src\Error\BaseErrorHandler.php, line 153
App\Test\TestCase\Controller\PercentileControllerTest::testSingleRank() - ROOT\tests\TestCase\Controller\PercentileControllerTest.php, line 78
ReflectionMethod::invokeArgs() - [internal], line ??
PHPUnit_Framework_TestCase::runTest() - ROOT\vendor\phpunit\phpunit\src\Framework\TestCase.php, line 1120
PHPUnit_Framework_TestCase::runBare() - ROOT\vendor\phpunit\phpunit\src\Framework\TestCase.php, line 971
PHPUnit_Framework_TestResult::run() - ROOT\vendor\phpunit\phpunit\src\Framework\TestResult.php, line 709
PHPUnit_Framework_TestCase::run() - ROOT\vendor\phpunit\phpunit\src\Framework\TestCase.php, line 926
PHPUnit_Framework_TestSuite::run() - ROOT\vendor\phpunit\phpunit\src\Framework\TestSuite.php, line 728
PHPUnit_Framework_TestSuite::run() - ROOT\vendor\phpunit\phpunit\src\Framework\TestSuite.php, line 728
PHPUnit_TextUI_TestRunner::doRun() - ROOT\vendor\phpunit\phpunit\src\TextUI\TestRunner.php, line 521
PHPUnit_TextUI_Command::run() - ROOT\vendor\phpunit\phpunit\src\TextUI\Command.php, line 188
PHPUnit_TextUI_Command::main() - ROOT\vendor\phpunit\phpunit\src\TextUI\Command.php, line 118
[main] - ROOT\vendor\phpunit\phpunit\phpunit, line 52



2017-03-09 12:42:23 Notice: Notice (8): Undefined variable: studentsTotal in [C:\xampp_space\htdocs\percentile\tests\TestCase\Controller\PercentileControllerTest.php, line 90]
Trace:
Cake\Error\BaseErrorHandler::handleError() - CORE\src\Error\BaseErrorHandler.php, line 153
App\Test\TestCase\Controller\PercentileControllerTest::testSingleRank() - ROOT\tests\TestCase\Controller\PercentileControllerTest.php, line 90
ReflectionMethod::invokeArgs() - [internal], line ??
PHPUnit_Framework_TestCase::runTest() - ROOT\vendor\phpunit\phpunit\src\Framework\TestCase.php, line 1120
PHPUnit_Framework_TestCase::runBare() - ROOT\vendor\phpunit\phpunit\src\Framework\TestCase.php, line 971
PHPUnit_Framework_TestResult::run() - ROOT\vendor\phpunit\phpunit\src\Framework\TestResult.php, line 709
PHPUnit_Framework_TestCase::run() - ROOT\vendor\phpunit\phpunit\src\Framework\TestCase.php, line 926
PHPUnit_Framework_TestSuite::run() - ROOT\vendor\phpunit\phpunit\src\Framework\TestSuite.php, line 728
PHPUnit_Framework_TestSuite::run() - ROOT\vendor\phpunit\phpunit\src\Framework\TestSuite.php, line 728
PHPUnit_TextUI_TestRunner::doRun() - ROOT\vendor\phpunit\phpunit\src\TextUI\TestRunner.php, line 521
PHPUnit_TextUI_Command::run() - ROOT\vendor\phpunit\phpunit\src\TextUI\Command.php, line 188
PHPUnit_TextUI_Command::main() - ROOT\vendor\phpunit\phpunit\src\TextUI\Command.php, line 118
[main] - ROOT\vendor\phpunit\phpunit\phpunit, line 52



2017-03-09 12:42:52 Notice: Notice (8): Undefined variable: studentsTotal in [C:\xampp_space\htdocs\percentile\tests\TestCase\Controller\PercentileControllerTest.php, line 90]
Trace:
Cake\Error\BaseErrorHandler::handleError() - CORE\src\Error\BaseErrorHandler.php, line 153
App\Test\TestCase\Controller\PercentileControllerTest::testSingleRank() - ROOT\tests\TestCase\Controller\PercentileControllerTest.php, line 90
ReflectionMethod::invokeArgs() - [internal], line ??
PHPUnit_Framework_TestCase::runTest() - ROOT\vendor\phpunit\phpunit\src\Framework\TestCase.php, line 1120
PHPUnit_Framework_TestCase::runBare() - ROOT\vendor\phpunit\phpunit\src\Framework\TestCase.php, line 971
PHPUnit_Framework_TestResult::run() - ROOT\vendor\phpunit\phpunit\src\Framework\TestResult.php, line 709
PHPUnit_Framework_TestCase::run() - ROOT\vendor\phpunit\phpunit\src\Framework\TestCase.php, line 926
PHPUnit_Framework_TestSuite::run() - ROOT\vendor\phpunit\phpunit\src\Framework\TestSuite.php, line 728
PHPUnit_Framework_TestSuite::run() - ROOT\vendor\phpunit\phpunit\src\Framework\TestSuite.php, line 728
PHPUnit_TextUI_TestRunner::doRun() - ROOT\vendor\phpunit\phpunit\src\TextUI\TestRunner.php, line 521
PHPUnit_TextUI_Command::run() - ROOT\vendor\phpunit\phpunit\src\TextUI\Command.php, line 188
PHPUnit_TextUI_Command::main() - ROOT\vendor\phpunit\phpunit\src\TextUI\Command.php, line 118
[main] - ROOT\vendor\phpunit\phpunit\phpunit, line 52



2017-03-09 12:44:25 Notice: Notice (8): Undefined variable: studentsTotal in [C:\xampp_space\htdocs\percentile\tests\TestCase\Controller\PercentileControllerTest.php, line 90]
Trace:
Cake\Error\BaseErrorHandler::handleError() - CORE\src\Error\BaseErrorHandler.php, line 153
App\Test\TestCase\Controller\PercentileControllerTest::testSingleRank() - ROOT\tests\TestCase\Controller\PercentileControllerTest.php, line 90
ReflectionMethod::invokeArgs() - [internal], line ??
PHPUnit_Framework_TestCase::runTest() - ROOT\vendor\phpunit\phpunit\src\Framework\TestCase.php, line 1120
PHPUnit_Framework_TestCase::runBare() - ROOT\vendor\phpunit\phpunit\src\Framework\TestCase.php, line 971
PHPUnit_Framework_TestResult::run() - ROOT\vendor\phpunit\phpunit\src\Framework\TestResult.php, line 709
PHPUnit_Framework_TestCase::run() - ROOT\vendor\phpunit\phpunit\src\Framework\TestCase.php, line 926
PHPUnit_Framework_TestSuite::run() - ROOT\vendor\phpunit\phpunit\src\Framework\TestSuite.php, line 728
PHPUnit_Framework_TestSuite::run() - ROOT\vendor\phpunit\phpunit\src\Framework\TestSuite.php, line 728
PHPUnit_TextUI_TestRunner::doRun() - ROOT\vendor\phpunit\phpunit\src\TextUI\TestRunner.php, line 521
PHPUnit_TextUI_Command::run() - ROOT\vendor\phpunit\phpunit\src\TextUI\Command.php, line 188
PHPUnit_TextUI_Command::main() - ROOT\vendor\phpunit\phpunit\src\TextUI\Command.php, line 118
[main] - ROOT\vendor\phpunit\phpunit\phpunit, line 52



2017-03-09 12:44:50 Notice: Notice (8): Undefined variable: studentsTotal in [C:\xampp_space\htdocs\percentile\tests\TestCase\Controller\PercentileControllerTest.php, line 90]
Trace:
Cake\Error\BaseErrorHandler::handleError() - CORE\src\Error\BaseErrorHandler.php, line 153
App\Test\TestCase\Controller\PercentileControllerTest::testSingleRank() - ROOT\tests\TestCase\Controller\PercentileControllerTest.php, line 90
ReflectionMethod::invokeArgs() - [internal], line ??
PHPUnit_Framework_TestCase::runTest() - ROOT\vendor\phpunit\phpunit\src\Framework\TestCase.php, line 1120
PHPUnit_Framework_TestCase::runBare() - ROOT\vendor\phpunit\phpunit\src\Framework\TestCase.php, line 971
PHPUnit_Framework_TestResult::run() - ROOT\vendor\phpunit\phpunit\src\Framework\TestResult.php, line 709
PHPUnit_Framework_TestCase::run() - ROOT\vendor\phpunit\phpunit\src\Framework\TestCase.php, line 926
PHPUnit_Framework_TestSuite::run() - ROOT\vendor\phpunit\phpunit\src\Framework\TestSuite.php, line 728
PHPUnit_Framework_TestSuite::run() - ROOT\vendor\phpunit\phpunit\src\Framework\TestSuite.php, line 728
PHPUnit_TextUI_TestRunner::doRun() - ROOT\vendor\phpunit\phpunit\src\TextUI\TestRunner.php, line 521
PHPUnit_TextUI_Command::run() - ROOT\vendor\phpunit\phpunit\src\TextUI\Command.php, line 188
PHPUnit_TextUI_Command::main() - ROOT\vendor\phpunit\phpunit\src\TextUI\Command.php, line 118
[main] - ROOT\vendor\phpunit\phpunit\phpunit, line 52



2017-03-09 12:54:13 Notice: Notice (8): Undefined property: App\Test\TestCase\Controller\PercentileControllerTest::$Students in [C:\xampp_space\htdocs\percentile\tests\TestCase\Controller\PercentileControllerTest.php, line 78]
Trace:
Cake\Error\BaseErrorHandler::handleError() - CORE\src\Error\BaseErrorHandler.php, line 153
App\Test\TestCase\Controller\PercentileControllerTest::testAllStudentsRank() - ROOT\tests\TestCase\Controller\PercentileControllerTest.php, line 78
ReflectionMethod::invokeArgs() - [internal], line ??
PHPUnit_Framework_TestCase::runTest() - ROOT\vendor\phpunit\phpunit\src\Framework\TestCase.php, line 1120
PHPUnit_Framework_TestCase::runBare() - ROOT\vendor\phpunit\phpunit\src\Framework\TestCase.php, line 971
PHPUnit_Framework_TestResult::run() - ROOT\vendor\phpunit\phpunit\src\Framework\TestResult.php, line 709
PHPUnit_Framework_TestCase::run() - ROOT\vendor\phpunit\phpunit\src\Framework\TestCase.php, line 926
PHPUnit_Framework_TestSuite::run() - ROOT\vendor\phpunit\phpunit\src\Framework\TestSuite.php, line 728
PHPUnit_Framework_TestSuite::run() - ROOT\vendor\phpunit\phpunit\src\Framework\TestSuite.php, line 728
PHPUnit_TextUI_TestRunner::doRun() - ROOT\vendor\phpunit\phpunit\src\TextUI\TestRunner.php, line 521
PHPUnit_TextUI_Command::run() - ROOT\vendor\phpunit\phpunit\src\TextUI\Command.php, line 188
PHPUnit_TextUI_Command::main() - ROOT\vendor\phpunit\phpunit\src\TextUI\Command.php, line 118
[main] - ROOT\vendor\phpunit\phpunit\phpunit, line 52



2017-03-09 12:54:45 Notice: Notice (8): Undefined property: App\Test\TestCase\Controller\PercentileControllerTest::$Students in [C:\xampp_space\htdocs\percentile\tests\TestCase\Controller\PercentileControllerTest.php, line 78]
Trace:
Cake\Error\BaseErrorHandler::handleError() - CORE\src\Error\BaseErrorHandler.php, line 153
App\Test\TestCase\Controller\PercentileControllerTest::testAllStudentsRank() - ROOT\tests\TestCase\Controller\PercentileControllerTest.php, line 78
ReflectionMethod::invokeArgs() - [internal], line ??
PHPUnit_Framework_TestCase::runTest() - ROOT\vendor\phpunit\phpunit\src\Framework\TestCase.php, line 1120
PHPUnit_Framework_TestCase::runBare() - ROOT\vendor\phpunit\phpunit\src\Framework\TestCase.php, line 971
PHPUnit_Framework_TestResult::run() - ROOT\vendor\phpunit\phpunit\src\Framework\TestResult.php, line 709
PHPUnit_Framework_TestCase::run() - ROOT\vendor\phpunit\phpunit\src\Framework\TestCase.php, line 926
PHPUnit_Framework_TestSuite::run() - ROOT\vendor\phpunit\phpunit\src\Framework\TestSuite.php, line 728
PHPUnit_Framework_TestSuite::run() - ROOT\vendor\phpunit\phpunit\src\Framework\TestSuite.php, line 728
PHPUnit_TextUI_TestRunner::doRun() - ROOT\vendor\phpunit\phpunit\src\TextUI\TestRunner.php, line 521
PHPUnit_TextUI_Command::run() - ROOT\vendor\phpunit\phpunit\src\TextUI\Command.php, line 188
PHPUnit_TextUI_Command::main() - ROOT\vendor\phpunit\phpunit\src\TextUI\Command.php, line 118
[main] - ROOT\vendor\phpunit\phpunit\phpunit, line 52



2017-03-09 12:54:59 Notice: Notice (8): Undefined property: App\Test\TestCase\Controller\PercentileControllerTest::$allstudents in [C:\xampp_space\htdocs\percentile\tests\TestCase\Controller\PercentileControllerTest.php, line 84]
Trace:
Cake\Error\BaseErrorHandler::handleError() - CORE\src\Error\BaseErrorHandler.php, line 153
App\Test\TestCase\Controller\PercentileControllerTest::testAllStudentsRank() - ROOT\tests\TestCase\Controller\PercentileControllerTest.php, line 84
ReflectionMethod::invokeArgs() - [internal], line ??
PHPUnit_Framework_TestCase::runTest() - ROOT\vendor\phpunit\phpunit\src\Framework\TestCase.php, line 1120
PHPUnit_Framework_TestCase::runBare() - ROOT\vendor\phpunit\phpunit\src\Framework\TestCase.php, line 971
PHPUnit_Framework_TestResult::run() - ROOT\vendor\phpunit\phpunit\src\Framework\TestResult.php, line 709
PHPUnit_Framework_TestCase::run() - ROOT\vendor\phpunit\phpunit\src\Framework\TestCase.php, line 926
PHPUnit_Framework_TestSuite::run() - ROOT\vendor\phpunit\phpunit\src\Framework\TestSuite.php, line 728
PHPUnit_Framework_TestSuite::run() - ROOT\vendor\phpunit\phpunit\src\Framework\TestSuite.php, line 728
PHPUnit_TextUI_TestRunner::doRun() - ROOT\vendor\phpunit\phpunit\src\TextUI\TestRunner.php, line 521
PHPUnit_TextUI_Command::run() - ROOT\vendor\phpunit\phpunit\src\TextUI\Command.php, line 188
PHPUnit_TextUI_Command::main() - ROOT\vendor\phpunit\phpunit\src\TextUI\Command.php, line 118
[main] - ROOT\vendor\phpunit\phpunit\phpunit, line 52



2017-03-09 13:37:40 Notice: Notice (8): Undefined variable: studentsTotal in [C:\xampp_space\htdocs\percentile\tests\TestCase\Controller\PercentileControllerTest.php, line 92]
Trace:
Cake\Error\BaseErrorHandler::handleError() - CORE\src\Error\BaseErrorHandler.php, line 153
App\Test\TestCase\Controller\PercentileControllerTest::testRankForSingleStudent() - ROOT\tests\TestCase\Controller\PercentileControllerTest.php, line 92
ReflectionMethod::invokeArgs() - [internal], line ??
PHPUnit_Framework_TestCase::runTest() - ROOT\vendor\phpunit\phpunit\src\Framework\TestCase.php, line 1120
PHPUnit_Framework_TestCase::runBare() - ROOT\vendor\phpunit\phpunit\src\Framework\TestCase.php, line 971
PHPUnit_Framework_TestResult::run() - ROOT\vendor\phpunit\phpunit\src\Framework\TestResult.php, line 709
PHPUnit_Framework_TestCase::run() - ROOT\vendor\phpunit\phpunit\src\Framework\TestCase.php, line 926
PHPUnit_Framework_TestSuite::run() - ROOT\vendor\phpunit\phpunit\src\Framework\TestSuite.php, line 728
PHPUnit_Framework_TestSuite::run() - ROOT\vendor\phpunit\phpunit\src\Framework\TestSuite.php, line 728
PHPUnit_TextUI_TestRunner::doRun() - ROOT\vendor\phpunit\phpunit\src\TextUI\TestRunner.php, line 521
PHPUnit_TextUI_Command::run() - ROOT\vendor\phpunit\phpunit\src\TextUI\Command.php, line 188
PHPUnit_TextUI_Command::main() - ROOT\vendor\phpunit\phpunit\src\TextUI\Command.php, line 118
[main] - ROOT\vendor\phpunit\phpunit\phpunit, line 52



2017-03-09 13:43:31 Notice: Notice (8): Undefined variable: studentsTotal in [C:\xampp_space\htdocs\percentile\tests\TestCase\Controller\PercentileControllerTest.php, line 92]
Trace:
Cake\Error\BaseErrorHandler::handleError() - CORE\src\Error\BaseErrorHandler.php, line 153
App\Test\TestCase\Controller\PercentileControllerTest::testRankForSingleStudent() - ROOT\tests\TestCase\Controller\PercentileControllerTest.php, line 92
ReflectionMethod::invokeArgs() - [internal], line ??
PHPUnit_Framework_TestCase::runTest() - ROOT\vendor\phpunit\phpunit\src\Framework\TestCase.php, line 1120
PHPUnit_Framework_TestCase::runBare() - ROOT\vendor\phpunit\phpunit\src\Framework\TestCase.php, line 971
PHPUnit_Framework_TestResult::run() - ROOT\vendor\phpunit\phpunit\src\Framework\TestResult.php, line 709
PHPUnit_Framework_TestCase::run() - ROOT\vendor\phpunit\phpunit\src\Framework\TestCase.php, line 926
PHPUnit_Framework_TestSuite::run() - ROOT\vendor\phpunit\phpunit\src\Framework\TestSuite.php, line 728
PHPUnit_Framework_TestSuite::run() - ROOT\vendor\phpunit\phpunit\src\Framework\TestSuite.php, line 728
PHPUnit_TextUI_TestRunner::doRun() - ROOT\vendor\phpunit\phpunit\src\TextUI\TestRunner.php, line 521
PHPUnit_TextUI_Command::run() - ROOT\vendor\phpunit\phpunit\src\TextUI\Command.php, line 188
PHPUnit_TextUI_Command::main() - ROOT\vendor\phpunit\phpunit\src\TextUI\Command.php, line 118
[main] - ROOT\vendor\phpunit\phpunit\phpunit, line 52



